#
# There is insufficient memory for the Java Runtime Environment to continue.
# Native memory allocation (mmap) failed to map 201326592 bytes for G1 virtual space
# Possible reasons:
#   The system is out of physical RAM or swap space
#   The process is running with CompressedOops enabled, and the Java Heap may be blocking the growth of the native heap
# Possible solutions:
#   Reduce memory load on the system
#   Increase physical memory or swap space
#   Check if swap backing store is full
#   Decrease Java heap size (-Xmx/-Xms)
#   Decrease number of Java threads
#   Decrease Java thread stack sizes (-Xss)
#   Set larger code cache with -XX:ReservedCodeCacheSize=
#   JVM is running with Zero Based Compressed Oops mode in which the Java heap is
#     placed in the first 32GB address space. The Java Heap base address is the
#     maximum limit for the native heap growth. Please use -XX:HeapBaseMinAddress
#     to set the Java Heap base and to place the Java Heap above 32GB virtual address.
# This output file may be truncated or incomplete.
#
#  Out of Memory Error (os_windows.cpp:3530), pid=28708, tid=29520
#
# JRE version:  (18.0+36) (build )
# Java VM: Java HotSpot(TM) 64-Bit Server VM (18+36-2087, mixed mode, sharing, tiered, compressed oops, compressed class ptrs, g1 gc, windows-amd64)
# No core dump will be written. Minidumps are not enabled by default on client versions of Windows
#

---------------  S U M M A R Y ------------

Command Line: -Dfile.encoding=UTF-8 --module-path=D:\OOP\AimsProject\bin;C:\javafx-sdk-19\lib\javafx-swt.jar;C:\javafx-sdk-19\lib\javafx.base.jar;C:\javafx-sdk-19\lib\javafx.controls.jar;C:\javafx-sdk-19\lib\javafx.fxml.jar;C:\javafx-sdk-19\lib\javafx.graphics.jar;C:\javafx-sdk-19\lib\javafx.media.jar;C:\javafx-sdk-19\lib\javafx.swing.jar;C:\javafx-sdk-19\lib\javafx.web.jar;C:\Users\84971\.p2\pool\plugins\org.eclipse.fx.ide.css.jfx8_3.8.0.202204150904.jar -XX:+ShowCodeDetailsInExceptionMessages -Djdk.module.main=AimsProject AimsProject/hust.soict.dsai.aims.screen.ControllerScreen

Host: Intel(R) Core(TM) i3-5005U CPU @ 2.00GHz, 4 cores, 11G,  Windows 10 , 64 bit Build 19041 (10.0.19041.2364)
Time: Fri Jan  6 19:02:27 2023 SE Asia Standard Time elapsed time: 0.021071 seconds (0d 0h 0m 0s)

---------------  T H R E A D  ---------------

Current thread (0x0000016419f3e260):  JavaThread "Unknown thread" [_thread_in_vm, id=29520, stack(0x00000027fb000000,0x00000027fb100000)]

Stack: [0x00000027fb000000,0x00000027fb100000]
Native frames: (J=compiled Java code, j=interpreted, Vv=VM code, C=native code)
V  [jvm.dll+0x69804a]
V  [jvm.dll+0x7f308d]
V  [jvm.dll+0x7f499e]
V  [jvm.dll+0x7f5053]
V  [jvm.dll+0x25ca3f]
V  [jvm.dll+0x694f99]
V  [jvm.dll+0x689aca]
V  [jvm.dll+0x321efb]
V  [jvm.dll+0x3298d6]
V  [jvm.dll+0x37e47e]
V  [jvm.dll+0x37e6af]
V  [jvm.dll+0x2f9c7a]
V  [jvm.dll+0x2facdd]
V  [jvm.dll+0x7c1cc0]
V  [jvm.dll+0x38b801]
V  [jvm.dll+0x7a09d3]
V  [jvm.dll+0x40d6bf]
V  [jvm.dll+0x40f091]
C  [jli.dll+0x526b]
C  [ucrtbase.dll+0x21bb2]
C  [KERNEL32.DLL+0x17614]
C  [ntdll.dll+0x526a1]


---------------  P R O C E S S  ---------------

Threads class SMR info:
_java_thread_list=0x00007ffc627ce550, length=0, elements={
}

Java Threads: ( => current thread )

Other Threads:
  0x000001641bfad4b0 WorkerThread "GC Thread#0" [stack: 0x00000027fb100000,0x00000027fb200000] [id=29684]
  0x000001641bfbba20 ConcurrentGCThread "G1 Main Marker" [stack: 0x00000027fb200000,0x00000027fb300000] [id=23804]
  0x000001641bfbc410 WorkerThread "G1 Conc#0" [stack: 0x00000027fb300000,0x00000027fb400000] [id=14052]

[error occurred during error reporting (printing all threads), id 0xc0000005, EXCEPTION_ACCESS_VIOLATION (0xc0000005) at pc=0x00007ffc61ffa217]

VM state: not at safepoint (not fully initialized)

VM Mutex/Monitor currently owned by a thread:  ([mutex/lock_event])
[0x000001641bf51890] Heap_lock - owner thread: 0x0000016419f3e260

Heap address: 0x0000000741600000, size: 3050 MB, Compressed Oops mode: Zero based, Oop shift amount: 3

CDS archive(s) mapped at: [0x0000000000000000-0x0000000000000000-0x0000000000000000), size 0, SharedBaseAddress: 0x0000000800000000, ArchiveRelocationMode: 0.
Narrow klass base: 0x0000000000000000, Narrow klass shift: 0, Narrow klass range: 0x0

GC Precious Log:
 CardTable entry size: 512
 Card Set container configuration: InlinePtr #cards 4 size 8 Array Of Cards #cards 16 size 48 Howl #buckets 8 coarsen threshold 3686 Howl Bitmap #cards 512 size 80 coarsen threshold 460 Card regions per heap region 1 cards per card region 4096

Heap:
 garbage-first heap   total 0K, used 0K [0x0000000741600000, 0x0000000800000000)
  region size 2048K, 0 young (0K), 0 survivors (0K)

[error occurred during error reporting (printing heap information), id 0xc0000005, EXCEPTION_ACCESS_VIOLATION (0xc0000005) at pc=0x00007ffc623e0489]

GC Heap History (0 events):
No events

Deoptimization events (0 events):
No events

Classes loaded (0 events):
No events

Classes unloaded (0 events):
No events

Classes redefined (0 events):
No events

Internal exceptions (0 events):
No events

VM Operations (0 events):
No events

Events (1 events):
Event: 0.014 Loaded shared library C:\Program Files\Java\jdk-18\bin\java.dll


Dynamic libraries:
0x00007ff7ba120000 - 0x00007ff7ba130000 	C:\Program Files\Java\jdk-18\bin\javaw.exe
0x00007ffcd2070000 - 0x00007ffcd2268000 	C:\Windows\SYSTEM32\ntdll.dll
0x00007ffcd0be0000 - 0x00007ffcd0c9f000 	C:\Windows\System32\KERNEL32.DLL
0x00007ffccfae0000 - 0x00007ffccfdb2000 	C:\Windows\System32\KERNELBASE.dll
0x00007ffccd020000 - 0x00007ffccd0b1000 	C:\Windows\SYSTEM32\apphelp.dll
0x00007ffccff10000 - 0x00007ffcd0010000 	C:\Windows\System32\ucrtbase.dll
0x00007ffcca750000 - 0x00007ffcca76a000 	C:\Program Files\Java\jdk-18\bin\VCRUNTIME140.dll
0x00007ffcca330000 - 0x00007ffcca348000 	C:\Program Files\Java\jdk-18\bin\jli.dll
0x00007ffcd0b30000 - 0x00007ffcd0bde000 	C:\Windows\System32\ADVAPI32.dll
0x00007ffcd0860000 - 0x00007ffcd08fe000 	C:\Windows\System32\msvcrt.dll
0x00007ffcd0900000 - 0x00007ffcd099c000 	C:\Windows\System32\sechost.dll
0x00007ffcd1e70000 - 0x00007ffcd1f95000 	C:\Windows\System32\RPCRT4.dll
0x00007ffcd0d50000 - 0x00007ffcd0ef1000 	C:\Windows\System32\USER32.dll
0x00007ffcd0010000 - 0x00007ffcd0032000 	C:\Windows\System32\win32u.dll
0x00007ffcd0ca0000 - 0x00007ffcd0ccb000 	C:\Windows\System32\GDI32.dll
0x00007ffccf7f0000 - 0x00007ffccf8ff000 	C:\Windows\System32\gdi32full.dll
0x00007ffccfe70000 - 0x00007ffccff0d000 	C:\Windows\System32\msvcp_win.dll
0x00007ffcc0a10000 - 0x00007ffcc0caa000 	C:\Windows\WinSxS\amd64_microsoft.windows.common-controls_6595b64144ccf1df_6.0.19041.1110_none_60b5254171f9507e\COMCTL32.dll
0x00007ffcc12f0000 - 0x00007ffcc12fa000 	C:\Windows\SYSTEM32\VERSION.dll
0x00007ffcd0820000 - 0x00007ffcd0852000 	C:\Windows\System32\IMM32.DLL
0x00007ffccb200000 - 0x00007ffccb20c000 	C:\Program Files\Java\jdk-18\bin\vcruntime140_1.dll
0x00007ffca4350000 - 0x00007ffca43dd000 	C:\Program Files\Java\jdk-18\bin\msvcp140.dll
0x00007ffc61cf0000 - 0x00007ffc62901000 	C:\Program Files\Java\jdk-18\bin\server\jvm.dll
0x00007ffcd1ae0000 - 0x00007ffcd1ae8000 	C:\Windows\System32\PSAPI.DLL
0x00007ffc55ff0000 - 0x00007ffc55ff9000 	C:\Windows\SYSTEM32\WSOCK32.dll
0x00007ffcbe7a0000 - 0x00007ffcbe7c7000 	C:\Windows\SYSTEM32\WINMM.dll
0x00007ffcd0a00000 - 0x00007ffcd0a6b000 	C:\Windows\System32\WS2_32.dll
0x00007ffccd540000 - 0x00007ffccd552000 	C:\Windows\SYSTEM32\kernel.appcore.dll
0x00007ffccb110000 - 0x00007ffccb11a000 	C:\Program Files\Java\jdk-18\bin\jimage.dll
0x00007ffcad460000 - 0x00007ffcad644000 	C:\Windows\SYSTEM32\DBGHELP.DLL
0x00007ffcad420000 - 0x00007ffcad455000 	C:\Windows\SYSTEM32\dbgcore.DLL
0x00007ffccf760000 - 0x00007ffccf7e2000 	C:\Windows\System32\bcryptPrimitives.dll
0x00007ffcc8d60000 - 0x00007ffcc8d85000 	C:\Program Files\Java\jdk-18\bin\java.dll

dbghelp: loaded successfully - version: 4.0.5 - missing functions: none
symbol engine: initialized successfully - sym options: 0x614 - pdb path: .;C:\Program Files\Java\jdk-18\bin;C:\Windows\SYSTEM32;C:\Windows\WinSxS\amd64_microsoft.windows.common-controls_6595b64144ccf1df_6.0.19041.1110_none_60b5254171f9507e;C:\Program Files\Java\jdk-18\bin\server

VM Arguments:
jvm_args: -Dfile.encoding=UTF-8 --module-path=D:\OOP\AimsProject\bin;C:\javafx-sdk-19\lib\javafx-swt.jar;C:\javafx-sdk-19\lib\javafx.base.jar;C:\javafx-sdk-19\lib\javafx.controls.jar;C:\javafx-sdk-19\lib\javafx.fxml.jar;C:\javafx-sdk-19\lib\javafx.graphics.jar;C:\javafx-sdk-19\lib\javafx.media.jar;C:\javafx-sdk-19\lib\javafx.swing.jar;C:\javafx-sdk-19\lib\javafx.web.jar;C:\Users\84971\.p2\pool\plugins\org.eclipse.fx.ide.css.jfx8_3.8.0.202204150904.jar -XX:+ShowCodeDetailsInExceptionMessages -Djdk.module.main=AimsProject 
java_command: AimsProject/hust.soict.dsai.aims.screen.ControllerScreen
java_class_path (initial): <not set>
Launcher Type: SUN_STANDARD

[Global flags]
     intx CICompilerCount                          = 3                                         {product} {ergonomic}
     uint ConcGCThreads                            = 1                                         {product} {ergonomic}
     uint G1ConcRefinementThreads                  = 4                                         {product} {ergonomic}
   size_t G1HeapRegionSize                         = 2097152                                   {product} {ergonomic}
    uintx GCDrainStackTargetSize                   = 64                                        {product} {ergonomic}
   size_t InitialHeapSize                          = 201326592                                 {product} {ergonomic}
   size_t MarkStackSize                            = 4194304                                   {product} {ergonomic}
   size_t MaxHeapSize                              = 3198156800                                {product} {ergonomic}
   size_t MinHeapDeltaBytes                        = 2097152                                   {product} {ergonomic}
   size_t MinHeapSize                              = 8388608                                   {product} {ergonomic}
    uintx NonNMethodCodeHeapSize                   = 5832780                                {pd product} {ergonomic}
    uintx NonProfiledCodeHeapSize                  = 122912730                              {pd product} {ergonomic}
    uintx ProfiledCodeHeapSize                     = 122912730                              {pd product} {ergonomic}
    uintx ReservedCodeCacheSize                    = 251658240                              {pd product} {ergonomic}
     bool SegmentedCodeCache                       = true                                      {product} {ergonomic}
     bool ShowCodeDetailsInExceptionMessages       = true                                   {manageable} {command line}
   size_t SoftMaxHeapSize                          = 3198156800                             {manageable} {ergonomic}
     bool UseCompressedClassPointers               = true                           {product lp64_product} {ergonomic}
     bool UseCompressedOops                        = true                           {product lp64_product} {ergonomic}
     bool UseG1GC                                  = true                                      {product} {ergonomic}
     bool UseLargePagesIndividualAllocation        = false                                  {pd product} {ergonomic}

Logging:
Log output configuration:
 #0: stdout all=warning uptime,level,tags foldmultilines=false
 #1: stderr all=off uptime,level,tags foldmultilines=false

Environment Variables:
PATH=C:\Program Files\Common Files\Oracle\Java\javapath;C:\Windows\system32;C:\Windows;C:\Windows\System32\Wbem;C:\Windows\System32\WindowsPowerShell\v1.0\;C:\Windows\System32\OpenSSH\;C:\Program Files (x86)\Dev-Cpp\MinGW64\bin;C:\Program Files (x86)\Dev-Cpp\MinGW64\bin\g++.exe;C:\Program Files\Microsoft SQL Server\Client SDK\ODBC\170\Tools\Binn\;C:\Program Files (x86)\Microsoft SQL Server\150\Tools\Binn\;C:\Program Files\Microsoft SQL Server\150\Tools\Binn\;C:\Program Files\Microsoft SQL Server\150\DTS\Binn\;C:\Program Files (x86)\Microsoft SQL Server\150\DTS\Binn\;C:\Program Files\Azure Data Studio\bin;C:\Program Files\Git\cmd;C:\Program Files\dotnet\;C:\Program Files\nodejs\;C:\Users\84971\AppData\Local\Programs\Python\Python37\Scripts\;C:\Users\84971\AppData\Local\Programs\Python\Python37\;C:\Users\84971\AppData\Local\Microsoft\WindowsApps;C:\Users\84971\AppData\Local\Programs\Microsoft VS Code\bin;C:\Program Files (x86)\Dev-Cpp\MinGW64\bin\g++.exe;C:\Program Files\Azure Data Studio\bin;C:\Program Files\JetBrains\PyCharm 2022.2.3\bin;;C:\Users\84971\.dotnet\tools;C:\xampp\php;C:\Users\84971\AppData\Roaming\npm
USERNAME=84971
OS=Windows_NT
PROCESSOR_IDENTIFIER=Intel64 Family 6 Model 61 Stepping 4, GenuineIntel



---------------  S Y S T E M  ---------------

OS:
 Windows 10 , 64 bit Build 19041 (10.0.19041.2364)
OS uptime: 1 days 8:27 hours

CPU: total 4 (initial active 4) (2 cores per cpu, 2 threads per core) family 6 model 61 stepping 4 microcode 0x2d, cx8, cmov, fxsr, ht, mmx, 3dnowpref, sse, sse2, sse3, ssse3, sse4.1, sse4.2, popcnt, lzcnt, tsc, tscinvbit, avx, avx2, aes, erms, clmul, bmi1, bmi2, adx, fma, vzeroupper, clflush

Memory: 4k page, system-wide physical 12197M (3282M free)
TotalPageFile size 29486M (AvailPageFile size 56M)
current process WorkingSet (physical memory assigned to process): 11M, peak: 11M
current process commit charge ("private bytes"): 52M, peak: 243M

vm_info: Java HotSpot(TM) 64-Bit Server VM (18+36-2087) for windows-amd64 JRE (18+36-2087), built on Feb 15 2022 09:43:11 by "mach5one" with MS VC++ 16.8 / 16.9 (VS2019)

END.
